<?xml version="1.0" encoding="UTF-8"?>
<!-- Generated by org.testng.reporters.JUnitReportReporter -->
<testsuite hostname="LTIN218160" failures="0" tests="1" name="testCases.TC001_HomePage" time="3.598" errors="0" timestamp="2024-03-04T15:59:48 IST" skipped="0">
  <testcase classname="testCases.TC001_HomePage" name="Searching_Bookshleves" time="3.598"/>
  <system-out/>
</testsuite> <!-- testCases.TC001_HomePage -->
