<?xml version="1.0" encoding="UTF-8"?>
<!-- Generated by org.testng.reporters.JUnitReportReporter -->
<testsuite hostname="LTIN218160" failures="0" tests="3" name="testCases.TC003_Living" time="7.802" errors="0" timestamp="2024-03-04T15:59:48 IST" skipped="0">
  <testcase classname="testCases.TC003_Living" name="SelectLivingSubMenu" time="0.322"/>
  <system-out/>
  <testcase classname="testCases.TC003_Living" name="PrintDetailsInSubMenu" time="3.631"/>
  <system-out/>
  <testcase classname="testCases.TC003_Living" name="SelectGiftCards" time="3.849"/>
  <system-out/>
</testsuite> <!-- testCases.TC003_Living -->
