<?xml version="1.0" encoding="UTF-8"?>
<!-- Generated by org.testng.reporters.JUnitReportReporter -->
<testsuite hostname="LTIN218160" failures="0" tests="3" name="testCases.TC004" time="23.650" errors="0" timestamp="2024-02-26T09:38:00 IST" skipped="0">
  <testcase classname="testCases.TC004" name="TestCase004" time="3.153"/>
  <system-out/>
  <testcase classname="testCases.TC004" name="TestCase005" time="11.638"/>
  <system-out/>
  <testcase classname="testCases.TC004" name="TestCase005" time="8.859"/>
  <system-out/>
</testsuite> <!-- testCases.TC004 -->
