<?xml version="1.0" encoding="UTF-8"?>
<!-- Generated by org.testng.reporters.JUnitReportReporter -->
<testsuite hostname="LTIN218160" failures="0" tests="1" name="testCases.TC001_HomePage" time="4.649" errors="0" timestamp="2024-02-26T16:40:52 IST" skipped="0">
  <testcase classname="testCases.TC001_HomePage" name="Searching_Bookshleves" time="4.649"/>
  <system-out/>
</testsuite> <!-- testCases.TC001_HomePage -->
