<?xml version="1.0" encoding="UTF-8"?>
<!-- Generated by org.testng.reporters.JUnitReportReporter -->
<testsuite hostname="LTIN218160" failures="0" tests="2" name="testCases.TC005_ValidatingGiftCardDetails" time="16.682" errors="0" timestamp="2024-03-04T15:59:48 IST" skipped="0">
  <testcase classname="testCases.TC005_ValidatingGiftCardDetails" name="ValidatingDetails" time="7.700"/>
  <system-out/>
  <testcase classname="testCases.TC005_ValidatingGiftCardDetails" name="ValidatingDetails" time="8.982"/>
  <system-out/>
</testsuite> <!-- testCases.TC005_ValidatingGiftCardDetails -->
