<?xml version="1.0" encoding="UTF-8"?>
<!-- Generated by org.testng.reporters.JUnitReportReporter -->
<testsuite hostname="LTIN218160" failures="0" tests="6" name="testCases.TC002_BookShelves" time="15.448" errors="0" timestamp="2024-02-26T16:40:52 IST" skipped="0">
  <testcase classname="testCases.TC002_BookShelves" name="Closing_Popup" time="1.731"/>
  <system-out/>
  <testcase classname="testCases.TC002_BookShelves" name="Select_Category" time="0.891"/>
  <system-out/>
  <testcase classname="testCases.TC002_BookShelves" name="Select_PriceRange" time="2.746"/>
  <system-out/>
  <testcase classname="testCases.TC002_BookShelves" name="SelectoutOfStock" time="0.916"/>
  <system-out/>
  <testcase classname="testCases.TC002_BookShelves" name="SelectOrderRange" time="1.086"/>
  <system-out/>
  <testcase classname="testCases.TC002_BookShelves" name="PrintProductDetails" time="8.078"/>
  <system-out/>
</testsuite> <!-- testCases.TC002_BookShelves -->
