<?xml version="1.0" encoding="UTF-8"?>
<!-- Generated by org.testng.reporters.JUnitReportReporter -->
<testsuite hostname="LTIN218160" failures="0" tests="1" name="testCases.TC003" time="47.667" errors="0" timestamp="2024-02-26T09:38:00 IST" skipped="0">
  <testcase classname="testCases.TC003" name="TestCase003" time="47.667"/>
  <system-out/>
</testsuite> <!-- testCases.TC003 -->
