<?xml version="1.0" encoding="UTF-8"?>
<!-- Generated by org.testng.reporters.JUnitReportReporter -->
<testsuite hostname="LTIN218160" failures="0" tests="3" name="testCases.TC003_Living" time="11.641" errors="0" timestamp="2024-02-26T16:40:52 IST" skipped="0">
  <testcase classname="testCases.TC003_Living" name="SelectLivingSubMenu" time="0.670"/>
  <system-out/>
  <testcase classname="testCases.TC003_Living" name="PrintDetailsInSubMenu" time="6.630"/>
  <system-out/>
  <testcase classname="testCases.TC003_Living" name="SelectGiftCards" time="4.341"/>
  <system-out/>
</testsuite> <!-- testCases.TC003_Living -->
