<?xml version="1.0" encoding="UTF-8"?>
<!-- Generated by org.testng.reporters.JUnitReportReporter -->
<testsuite hostname="LTIN218160" failures="0" tests="4" name="testCases.TC004_GiftCards" time="1.698" errors="0" timestamp="2024-02-26T16:40:52 IST" skipped="0">
  <testcase classname="testCases.TC004_GiftCards" name="SelectGiftCard" time="0.664"/>
  <system-out/>
  <testcase classname="testCases.TC004_GiftCards" name="SelectPriceOfGiftCard" time="0.265"/>
  <system-out/>
  <testcase classname="testCases.TC004_GiftCards" name="SelectDate" time="0.596"/>
  <system-out/>
  <testcase classname="testCases.TC004_GiftCards" name="SelectNext" time="0.173"/>
  <system-out/>
</testsuite> <!-- testCases.TC004_GiftCards -->
