<?xml version="1.0" encoding="UTF-8"?>
<!-- Generated by org.testng.reporters.JUnitReportReporter -->
<testsuite hostname="LTIN218160" failures="0" tests="6" name="testCases.TC002" time="27.600" errors="0" timestamp="2024-02-26T09:38:01 IST" skipped="0">
  <testcase classname="testCases.TC002" name="Closing_Popup" time="3.253"/>
  <system-out/>
  <testcase classname="testCases.TC002" name="Select_Category" time="1.125"/>
  <system-out/>
  <testcase classname="testCases.TC002" name="Select_PriceRange" time="3.493"/>
  <system-out/>
  <testcase classname="testCases.TC002" name="SelectoutOfStock" time="0.439"/>
  <system-out/>
  <testcase classname="testCases.TC002" name="SelectOrderRange" time="1.058"/>
  <system-out/>
  <testcase classname="testCases.TC002" name="PrintProductDetails" time="18.232"/>
  <system-out/>
</testsuite> <!-- testCases.TC002 -->
