<?xml version="1.0" encoding="UTF-8"?>
<!-- Generated by org.testng.reporters.JUnitReportReporter -->
<testsuite hostname="LTIN218160" failures="0" tests="2" name="testCases.TC005_ValidatingGiftCardDetails" time="39.643" errors="0" timestamp="2024-02-26T16:40:52 IST" skipped="0">
  <testcase classname="testCases.TC005_ValidatingGiftCardDetails" name="ValidatingDetails" time="30.916"/>
  <system-out/>
  <testcase classname="testCases.TC005_ValidatingGiftCardDetails" name="ValidatingDetails" time="8.727"/>
  <system-out/>
</testsuite> <!-- testCases.TC005_ValidatingGiftCardDetails -->
