<?xml version="1.0" encoding="UTF-8"?>
<!-- Generated by org.testng.reporters.JUnitReportReporter -->
<testsuite hostname="LTIN218160" failures="0" tests="4" name="testCases.TC004_GiftCards" time="1.438" errors="0" timestamp="2024-03-04T15:59:48 IST" skipped="0">
  <testcase classname="testCases.TC004_GiftCards" name="SelectGiftCard" time="0.578"/>
  <system-out/>
  <testcase classname="testCases.TC004_GiftCards" name="SelectPriceOfGiftCard" time="0.176"/>
  <system-out/>
  <testcase classname="testCases.TC004_GiftCards" name="SelectDate" time="0.579"/>
  <system-out/>
  <testcase classname="testCases.TC004_GiftCards" name="SelectNext" time="0.105"/>
  <system-out/>
</testsuite> <!-- testCases.TC004_GiftCards -->
